0 info it worked if it ends with ok
1 verbose cli [ 'C:\\Program Files\\nodejs\\node.exe',
1 verbose cli   'C:\\Program Files\\nodejs\\node_modules\\npm\\bin\\npm-cli.js',
1 verbose cli   'start' ]
2 info using npm@3.10.9
3 info using node@v7.4.0
4 verbose run-script [ 'prestart', 'start', 'poststart' ]
5 info lifecycle react-babel-webpack-boilerplate@1.2.4~prestart: react-babel-webpack-boilerplate@1.2.4
6 silly lifecycle react-babel-webpack-boilerplate@1.2.4~prestart: no script for prestart, continuing
7 info lifecycle react-babel-webpack-boilerplate@1.2.4~start: react-babel-webpack-boilerplate@1.2.4
8 verbose lifecycle react-babel-webpack-boilerplate@1.2.4~start: unsafe-perm in lifecycle true
9 verbose lifecycle react-babel-webpack-boilerplate@1.2.4~start: PATH: C:\Program Files\nodejs\node_modules\npm\bin\node-gyp-bin;D:\webroot\build_info\fe\node_modules\.bin;C:\Program Files\NVIDIA GPU Computing Toolkit\CUDA\v7.5\bin;C:\Program Files\NVIDIA GPU Computing Toolkit\CUDA\v7.5\libnvvp;C:\ProgramData\Oracle\Java\javapath;C:\Program Files (x86)\Git\bin;C:\Program Files (x86)\Git\libexec\git-core;C:\Program Files\PHP\;C:\Windows\system32;C:\Windows;C:\Windows\System32\Wbem;C:\Windows\System32\WindowsPowerShell\v1.0\;C:\Program Files\TortoiseSVN\bin;C:\Program Files\MySQL\MySQL Server 5.1\bin;C:\Program Files\Java\jre1.8.0_101\bin;D:\Program Files\opencv2.4.9\opencv\build\x86\vc11\bin;D:\android_sdk\sdk\platform-tools;D:\android_sdk\sdk\tools;C:\Program Files\TortoiseGit\bin;C:\ProgramData\ComposerSetup\bin;d:\Program Files (x86)\Bitvise SSH Client;C:\Program Files (x86)\Windows Kits\8.1\Windows Performance Toolkit\;C:\Users\wangyibo\AppData\Roaming\Composer\vendor\bin;D:\Program Files\nodejs;C:\Program Files\nodejs\;C:\Program Files (x86)\NVIDIA Corporation\PhysX\Common;D:\Anaconda2;D:\Anaconda2\Scripts;D:\Anaconda2\Library\bin;d:\Program Files (x86)\Tesseract-OCR;c:\python27;c:\python27\Scripts;D:\android_sdk\android-ndk-r10;C:\Program Files\MySQL\MySQL Server 5.6\bin;C:\Users\wangyibo\AppData\Roaming\npm;C:\Users\wangyibo\AppData\Local\atom\bin
10 verbose lifecycle react-babel-webpack-boilerplate@1.2.4~start: CWD: D:\webroot\build_info\fe
11 silly lifecycle react-babel-webpack-boilerplate@1.2.4~start: Args: [ '/d /s /c',
11 silly lifecycle   'webpack-dev-server --devtool eval --progress --hot --content-base app' ]
12 silly lifecycle react-babel-webpack-boilerplate@1.2.4~start: Returned: code: 3221225786  signal: null
13 info lifecycle react-babel-webpack-boilerplate@1.2.4~start: Failed to exec start script
14 verbose stack Error: react-babel-webpack-boilerplate@1.2.4 start: `webpack-dev-server --devtool eval --progress --hot --content-base app`
14 verbose stack Exit status 3221225786
14 verbose stack     at EventEmitter.<anonymous> (C:\Program Files\nodejs\node_modules\npm\lib\utils\lifecycle.js:255:16)
14 verbose stack     at emitTwo (events.js:106:13)
14 verbose stack     at EventEmitter.emit (events.js:191:7)
14 verbose stack     at ChildProcess.<anonymous> (C:\Program Files\nodejs\node_modules\npm\lib\utils\spawn.js:40:14)
14 verbose stack     at emitTwo (events.js:106:13)
14 verbose stack     at ChildProcess.emit (events.js:191:7)
14 verbose stack     at maybeClose (internal/child_process.js:885:16)
14 verbose stack     at Process.ChildProcess._handle.onexit (internal/child_process.js:226:5)
15 verbose pkgid react-babel-webpack-boilerplate@1.2.4
16 verbose cwd D:\webroot\build_info\fe
17 error Windows_NT 6.1.7601
18 error argv "C:\\Program Files\\nodejs\\node.exe" "C:\\Program Files\\nodejs\\node_modules\\npm\\bin\\npm-cli.js" "start"
19 error node v7.4.0
20 error npm  v3.10.9
21 error code ELIFECYCLE
22 error react-babel-webpack-boilerplate@1.2.4 start: `webpack-dev-server --devtool eval --progress --hot --content-base app`
22 error Exit status 3221225786
23 error Failed at the react-babel-webpack-boilerplate@1.2.4 start script 'webpack-dev-server --devtool eval --progress --hot --content-base app'.
23 error Make sure you have the latest version of node.js and npm installed.
23 error If you do, this is most likely a problem with the react-babel-webpack-boilerplate package,
23 error not with npm itself.
23 error Tell the author that this fails on your system:
23 error     webpack-dev-server --devtool eval --progress --hot --content-base app
23 error You can get information on how to open an issue for this project with:
23 error     npm bugs react-babel-webpack-boilerplate
23 error Or if that isn't available, you can get their info via:
23 error     npm owner ls react-babel-webpack-boilerplate
23 error There is likely additional logging output above.
24 verbose exit [ 1, true ]
